The target system is: Generic -  - 
The host system is: Linux - 5.15.0-71-generic - x86_64
Compiling the C compiler identification source file "CMakeCCompilerId.c" succeeded.
Compiler: /opt/kendryte-toolchain/bin/riscv64-unknown-elf-gcc 
Build flags: ;-mcmodel=medany;-mabi=lp64f;-march=rv64imafc;-fno-common;-ffunction-sections;-fdata-sections;-fstrict-volatile-bitfields;-fno-zero-initialized-in-bss;-ffast-math;-fno-math-errno;-fsingle-precision-constant;-Os;-ggdb;-std=gnu11;-Wno-pointer-to-int-cast;-Wall;-Werror=all;-Wno-error=unused-function;-Wno-error=unused-but-set-variable;-Wno-error=unused-variable;-Wno-error=deprecated-declarations;-Wextra;-Werror=frame-larger-than=32768;-Wno-unused-parameter;-Wno-sign-compare;-Wno-error=missing-braces;-Wno-error=return-type;-Wno-error=pointer-sign;-Wno-missing-braces;-Wno-strict-aliasing;-Wno-implicit-fallthrough;-Wno-missing-field-initializers;-Wno-int-to-pointer-cast;-Wno-error=comment;-Wno-error=logical-not-parentheses;-Wno-error=duplicate-decl-specifier;-Wno-error=parentheses;-Wno-old-style-declaration
Id flags:  

The output was:
0
/opt/kendryte-toolchain/lib/gcc/riscv64-unknown-elf/8.2.0/../../../../riscv64-unknown-elf/bin/ld: 警告: 无法找到项目符号 _start; 缺省为 00000000000100b0


Compilation of the C compiler identification source "CMakeCCompilerId.c" produced "a.out"

The C compiler identification is GNU, found in "/home/asdf/Projects/Quadmini/quadmini-standalone-mc/buildhw/CMakeFiles/3.16.3/CompilerIdC/a.out"

Compiling the CXX compiler identification source file "CMakeCXXCompilerId.cpp" succeeded.
Compiler: /opt/kendryte-toolchain/bin/riscv64-unknown-elf-g++ 
Build flags: ;-mcmodel=medany;-mabi=lp64f;-march=rv64imafc;-fno-common;-ffunction-sections;-fdata-sections;-fstrict-volatile-bitfields;-fno-zero-initialized-in-bss;-ffast-math;-fno-math-errno;-fsingle-precision-constant;-Os;-ggdb;-std=gnu++17;-Wall;-Werror=all;-Wno-error=unused-function;-Wno-error=unused-but-set-variable;-Wno-error=unused-variable;-Wno-error=deprecated-declarations;-Wextra;-Werror=frame-larger-than=32768;-Wno-unused-parameter;-Wno-sign-compare;-Wno-error=missing-braces;-Wno-error=return-type;-Wno-error=pointer-sign;-Wno-missing-braces;-Wno-strict-aliasing;-Wno-implicit-fallthrough;-Wno-missing-field-initializers;-Wno-int-to-pointer-cast;-Wno-error=comment;-Wno-error=logical-not-parentheses;-Wno-error=duplicate-decl-specifier;-Wno-error=parentheses
Id flags:  

The output was:
0
/opt/kendryte-toolchain/lib/gcc/riscv64-unknown-elf/8.2.0/../../../../riscv64-unknown-elf/bin/ld: 警告: 无法找到项目符号 _start; 缺省为 00000000000100b0


Compilation of the CXX compiler identification source "CMakeCXXCompilerId.cpp" produced "a.out"

The CXX compiler identification is GNU, found in "/home/asdf/Projects/Quadmini/quadmini-standalone-mc/buildhw/CMakeFiles/3.16.3/CompilerIdCXX/a.out"

Checking whether the ASM compiler is GNU using "--version" matched "(GNU assembler)|(GCC)|(Free Software Foundation)":
riscv64-unknown-elf-gcc (GCC) 8.2.0
Copyright (C) 2018 Free Software Foundation, Inc.
This is free software; see the source for copying conditions.  There is NO
warranty; not even for MERCHANTABILITY or FITNESS FOR A PARTICULAR PURPOSE.

Detecting C compiler ABI info compiled with the following output:
Change Dir: /home/asdf/Projects/Quadmini/quadmini-standalone-mc/buildhw/CMakeFiles/CMakeTmp

Run Build Command(s):/usr/bin/make cmTC_d7463/fast && /usr/bin/make -f CMakeFiles/cmTC_d7463.dir/build.make CMakeFiles/cmTC_d7463.dir/build
make[1]: Entering directory '/home/asdf/Projects/Quadmini/quadmini-standalone-mc/buildhw/CMakeFiles/CMakeTmp'
Building C object CMakeFiles/cmTC_d7463.dir/CMakeCCompilerABI.c.obj
/opt/kendryte-toolchain/bin/riscv64-unknown-elf-gcc   -mcmodel=medany -mabi=lp64f -march=rv64imafc -fno-common -ffunction-sections -fdata-sections -fstrict-volatile-bitfields -fno-zero-initialized-in-bss -ffast-math -fno-math-errno -fsingle-precision-constant -Os -ggdb -std=gnu11 -Wno-pointer-to-int-cast -Wall -Werror=all -Wno-error=unused-function -Wno-error=unused-but-set-variable -Wno-error=unused-variable -Wno-error=deprecated-declarations -Wextra -Werror=frame-larger-than=32768 -Wno-unused-parameter -Wno-sign-compare -Wno-error=missing-braces -Wno-error=return-type -Wno-error=pointer-sign -Wno-missing-braces -Wno-strict-aliasing -Wno-implicit-fallthrough -Wno-missing-field-initializers -Wno-int-to-pointer-cast -Wno-error=comment -Wno-error=logical-not-parentheses -Wno-error=duplicate-decl-specifier -Wno-error=parentheses -Wno-old-style-declaration    -v -o CMakeFiles/cmTC_d7463.dir/CMakeCCompilerABI.c.obj   -c /usr/share/cmake-3.16/Modules/CMakeCCompilerABI.c
Using built-in specs.
COLLECT_GCC=/opt/kendryte-toolchain/bin/riscv64-unknown-elf-gcc
Target: riscv64-unknown-elf
Configured with: /kendryte/riscv-gcc/configure --target=riscv64-unknown-elf --prefix=/opt/kendryte-toolchain --disable-shared --enable-threads=posix --enable-languages=c,c++ --enable-libatomic --without-system-zlib --enable-tls --with-newlib --with-sysroot=/opt/kendryte-toolchain/riscv64-unknown-elf --with-native-system-header-dir=/include --disable-libmudflap --disable-libssp --disable-libquadmath --disable-libgomp --disable-nls --src=.././riscv-gcc --enable-checking=yes --disable-multilib --with-abi=lp64f --with-arch=rv64imafc 'CFLAGS_FOR_TARGET=-Os -ffunction-sections -fdata-sections  -mcmodel=medany' 'CXXFLAGS_FOR_TARGET=-Os -ffunction-sections -fdata-sections -mcmodel=medany'
Thread model: posix
gcc version 8.2.0 (GCC) 
COLLECT_GCC_OPTIONS='-mcmodel=medany' '-mabi=lp64f' '-march=rv64imafc' '-fno-common' '-ffunction-sections' '-fdata-sections' '-fstrict-volatile-bitfields' '-fno-zero-initialized-in-bss' '-ffast-math' '-fno-math-errno' '-fsingle-precision-constant' '-Os' '-ggdb' '-std=gnu11' '-Wno-pointer-to-int-cast' '-Wall' '-Werror=all' '-Wno-error=unused-function' '-Wno-error=unused-but-set-variable' '-Wno-error=unused-variable' '-Wno-error=deprecated-declarations' '-Wextra' '-Werror=frame-larger-than=32768' '-Wno-unused-parameter' '-Wno-sign-compare' '-Wno-error=missing-braces' '-Wno-error=return-type' '-Wno-error=pointer-sign' '-Wno-missing-braces' '-Wno-strict-aliasing' '-Wimplicit-fallthrough=0' '-Wno-missing-field-initializers' '-Wno-int-to-pointer-cast' '-Wno-error=comment' '-Wno-error=logical-not-parentheses' '-Wno-error=duplicate-decl-specifier' '-Wno-error=parentheses' '-Wno-old-style-declaration' '-v' '-o' 'CMakeFiles/cmTC_d7463.dir/CMakeCCompilerABI.c.obj' '-c'
 /opt/kendryte-toolchain/libexec/gcc/riscv64-unknown-elf/8.2.0/cc1 -quiet -v /usr/share/cmake-3.16/Modules/CMakeCCompilerABI.c -quiet -dumpbase CMakeCCompilerABI.c -mcmodel=medany -mabi=lp64f -march=rv64imafc -auxbase-strip CMakeFiles/cmTC_d7463.dir/CMakeCCompilerABI.c.obj -ggdb -Os -Wno-pointer-to-int-cast -Wall -Werror=all -Wno-error=unused-function -Wno-error=unused-but-set-variable -Wno-error=unused-variable -Wno-error=deprecated-declarations -Wextra -Werror=frame-larger-than=32768 -Wno-unused-parameter -Wno-sign-compare -Wno-error=missing-braces -Wno-error=return-type -Wno-error=pointer-sign -Wno-missing-braces -Wno-strict-aliasing -Wimplicit-fallthrough=0 -Wno-missing-field-initializers -Wno-int-to-pointer-cast -Wno-error=comment -Wno-error=logical-not-parentheses -Wno-error=duplicate-decl-specifier -Wno-error=parentheses -Wno-old-style-declaration -std=gnu11 -version -fno-common -ffunction-sections -fdata-sections -fstrict-volatile-bitfields -fno-zero-initialized-in-bss -ffast-math -fno-math-errno -fsingle-precision-constant -o /tmp/ccGkqUpc.s
GNU C11 (GCC) version 8.2.0 (riscv64-unknown-elf)
	compiled by GNU C version 7.3.0, GMP version 6.1.0, MPFR version 3.1.4, MPC version 1.0.3, isl version isl-0.18-GMP

GGC heuristics: --param ggc-min-expand=30 --param ggc-min-heapsize=4096
ignoring nonexistent directory "/opt/kendryte-toolchain/riscv64-unknown-elf/usr/local/include"
ignoring duplicate directory "/opt/kendryte-toolchain/riscv64-unknown-elf/include"
#include "..." search starts here:
#include <...> search starts here:
 /opt/kendryte-toolchain/lib/gcc/riscv64-unknown-elf/8.2.0/include
 /opt/kendryte-toolchain/lib/gcc/riscv64-unknown-elf/8.2.0/include-fixed
 /opt/kendryte-toolchain/lib/gcc/riscv64-unknown-elf/8.2.0/../../../../riscv64-unknown-elf/include
End of search list.
GNU C11 (GCC) version 8.2.0 (riscv64-unknown-elf)
	compiled by GNU C version 7.3.0, GMP version 6.1.0, MPFR version 3.1.4, MPC version 1.0.3, isl version isl-0.18-GMP

GGC heuristics: --param ggc-min-expand=30 --param ggc-min-heapsize=4096
Compiler executable checksum: 093cec45eb096233911e15ccc7faf75b
COLLECT_GCC_OPTIONS='-mcmodel=medany' '-mabi=lp64f' '-march=rv64imafc' '-fno-common' '-ffunction-sections' '-fdata-sections' '-fstrict-volatile-bitfields' '-fno-zero-initialized-in-bss' '-ffast-math' '-fno-math-errno' '-fsingle-precision-constant' '-Os' '-ggdb' '-std=gnu11' '-Wno-pointer-to-int-cast' '-Wall' '-Werror=all' '-Wno-error=unused-function' '-Wno-error=unused-but-set-variable' '-Wno-error=unused-variable' '-Wno-error=deprecated-declarations' '-Wextra' '-Werror=frame-larger-than=32768' '-Wno-unused-parameter' '-Wno-sign-compare' '-Wno-error=missing-braces' '-Wno-error=return-type' '-Wno-error=pointer-sign' '-Wno-missing-braces' '-Wno-strict-aliasing' '-Wimplicit-fallthrough=0' '-Wno-missing-field-initializers' '-Wno-int-to-pointer-cast' '-Wno-error=comment' '-Wno-error=logical-not-parentheses' '-Wno-error=duplicate-decl-specifier' '-Wno-error=parentheses' '-Wno-old-style-declaration' '-v' '-o' 'CMakeFiles/cmTC_d7463.dir/CMakeCCompilerABI.c.obj' '-c'
 /opt/kendryte-toolchain/lib/gcc/riscv64-unknown-elf/8.2.0/../../../../riscv64-unknown-elf/bin/as -v --traditional-format -march=rv64imafc -mabi=lp64f -o CMakeFiles/cmTC_d7463.dir/CMakeCCompilerABI.c.obj /tmp/ccGkqUpc.s
GNU assembler version 2.31.51 (riscv64-unknown-elf) using BFD version (GNU Binutils) 2.31.51
COMPILER_PATH=/opt/kendryte-toolchain/libexec/gcc/riscv64-unknown-elf/8.2.0/:/opt/kendryte-toolchain/libexec/gcc/riscv64-unknown-elf/8.2.0/:/opt/kendryte-toolchain/libexec/gcc/riscv64-unknown-elf/:/opt/kendryte-toolchain/lib/gcc/riscv64-unknown-elf/8.2.0/:/opt/kendryte-toolchain/lib/gcc/riscv64-unknown-elf/:/opt/kendryte-toolchain/lib/gcc/riscv64-unknown-elf/8.2.0/../../../../riscv64-unknown-elf/bin/
LIBRARY_PATH=/opt/kendryte-toolchain/lib/gcc/riscv64-unknown-elf/8.2.0/:/opt/kendryte-toolchain/lib/gcc/riscv64-unknown-elf/8.2.0/../../../../riscv64-unknown-elf/lib/:/opt/kendryte-toolchain/riscv64-unknown-elf/lib/
COLLECT_GCC_OPTIONS='-mcmodel=medany' '-mabi=lp64f' '-march=rv64imafc' '-fno-common' '-ffunction-sections' '-fdata-sections' '-fstrict-volatile-bitfields' '-fno-zero-initialized-in-bss' '-ffast-math' '-fno-math-errno' '-fsingle-precision-constant' '-Os' '-ggdb' '-std=gnu11' '-Wno-pointer-to-int-cast' '-Wall' '-Werror=all' '-Wno-error=unused-function' '-Wno-error=unused-but-set-variable' '-Wno-error=unused-variable' '-Wno-error=deprecated-declarations' '-Wextra' '-Werror=frame-larger-than=32768' '-Wno-unused-parameter' '-Wno-sign-compare' '-Wno-error=missing-braces' '-Wno-error=return-type' '-Wno-error=pointer-sign' '-Wno-missing-braces' '-Wno-strict-aliasing' '-Wimplicit-fallthrough=0' '-Wno-missing-field-initializers' '-Wno-int-to-pointer-cast' '-Wno-error=comment' '-Wno-error=logical-not-parentheses' '-Wno-error=duplicate-decl-specifier' '-Wno-error=parentheses' '-Wno-old-style-declaration' '-v' '-o' 'CMakeFiles/cmTC_d7463.dir/CMakeCCompilerABI.c.obj' '-c'
Linking C executable cmTC_d7463
/usr/bin/cmake -E cmake_link_script CMakeFiles/cmTC_d7463.dir/link.txt --verbose=1
/opt/kendryte-toolchain/bin/riscv64-unknown-elf-gcc  -mcmodel=medany -mabi=lp64f -march=rv64imafc -fno-common -ffunction-sections -fdata-sections -fstrict-volatile-bitfields -fno-zero-initialized-in-bss -ffast-math -fno-math-errno -fsingle-precision-constant -Os -ggdb -std=gnu11 -Wno-pointer-to-int-cast -Wall -Werror=all -Wno-error=unused-function -Wno-error=unused-but-set-variable -Wno-error=unused-variable -Wno-error=deprecated-declarations -Wextra -Werror=frame-larger-than=32768 -Wno-unused-parameter -Wno-sign-compare -Wno-error=missing-braces -Wno-error=return-type -Wno-error=pointer-sign -Wno-missing-braces -Wno-strict-aliasing -Wno-implicit-fallthrough -Wno-missing-field-initializers -Wno-int-to-pointer-cast -Wno-error=comment -Wno-error=logical-not-parentheses -Wno-error=duplicate-decl-specifier -Wno-error=parentheses -Wno-old-style-declaration    -v CMakeFiles/cmTC_d7463.dir/CMakeCCompilerABI.c.obj  -o cmTC_d7463 
Using built-in specs.
COLLECT_GCC=/opt/kendryte-toolchain/bin/riscv64-unknown-elf-gcc
COLLECT_LTO_WRAPPER=/opt/kendryte-toolchain/libexec/gcc/riscv64-unknown-elf/8.2.0/lto-wrapper
Target: riscv64-unknown-elf
Configured with: /kendryte/riscv-gcc/configure --target=riscv64-unknown-elf --prefix=/opt/kendryte-toolchain --disable-shared --enable-threads=posix --enable-languages=c,c++ --enable-libatomic --without-system-zlib --enable-tls --with-newlib --with-sysroot=/opt/kendryte-toolchain/riscv64-unknown-elf --with-native-system-header-dir=/include --disable-libmudflap --disable-libssp --disable-libquadmath --disable-libgomp --disable-nls --src=.././riscv-gcc --enable-checking=yes --disable-multilib --with-abi=lp64f --with-arch=rv64imafc 'CFLAGS_FOR_TARGET=-Os -ffunction-sections -fdata-sections  -mcmodel=medany' 'CXXFLAGS_FOR_TARGET=-Os -ffunction-sections -fdata-sections -mcmodel=medany'
Thread model: posix
gcc version 8.2.0 (GCC) 
COMPILER_PATH=/opt/kendryte-toolchain/libexec/gcc/riscv64-unknown-elf/8.2.0/:/opt/kendryte-toolchain/libexec/gcc/riscv64-unknown-elf/8.2.0/:/opt/kendryte-toolchain/libexec/gcc/riscv64-unknown-elf/:/opt/kendryte-toolchain/lib/gcc/riscv64-unknown-elf/8.2.0/:/opt/kendryte-toolchain/lib/gcc/riscv64-unknown-elf/:/opt/kendryte-toolchain/lib/gcc/riscv64-unknown-elf/8.2.0/../../../../riscv64-unknown-elf/bin/
LIBRARY_PATH=/opt/kendryte-toolchain/lib/gcc/riscv64-unknown-elf/8.2.0/:/opt/kendryte-toolchain/lib/gcc/riscv64-unknown-elf/8.2.0/../../../../riscv64-unknown-elf/lib/:/opt/kendryte-toolchain/riscv64-unknown-elf/lib/
COLLECT_GCC_OPTIONS='-mcmodel=medany' '-mabi=lp64f' '-march=rv64imafc' '-fno-common' '-ffunction-sections' '-fdata-sections' '-fstrict-volatile-bitfields' '-fno-zero-initialized-in-bss' '-ffast-math' '-fno-math-errno' '-fsingle-precision-constant' '-Os' '-ggdb' '-std=gnu11' '-Wno-pointer-to-int-cast' '-Wall' '-Werror=all' '-Wno-error=unused-function' '-Wno-error=unused-but-set-variable' '-Wno-error=unused-variable' '-Wno-error=deprecated-declarations' '-Wextra' '-Werror=frame-larger-than=32768' '-Wno-unused-parameter' '-Wno-sign-compare' '-Wno-error=missing-braces' '-Wno-error=return-type' '-Wno-error=pointer-sign' '-Wno-missing-braces' '-Wno-strict-aliasing' '-Wimplicit-fallthrough=0' '-Wno-missing-field-initializers' '-Wno-int-to-pointer-cast' '-Wno-error=comment' '-Wno-error=logical-not-parentheses' '-Wno-error=duplicate-decl-specifier' '-Wno-error=parentheses' '-Wno-old-style-declaration' '-v' '-o' 'cmTC_d7463'
 /opt/kendryte-toolchain/libexec/gcc/riscv64-unknown-elf/8.2.0/collect2 --sysroot=/opt/kendryte-toolchain/riscv64-unknown-elf -melf64lriscv -o cmTC_d7463 /opt/kendryte-toolchain/lib/gcc/riscv64-unknown-elf/8.2.0/../../../../riscv64-unknown-elf/lib/crt0.o /opt/kendryte-toolchain/lib/gcc/riscv64-unknown-elf/8.2.0/crtbegin.o -L/opt/kendryte-toolchain/lib/gcc/riscv64-unknown-elf/8.2.0 -L/opt/kendryte-toolchain/lib/gcc/riscv64-unknown-elf/8.2.0/../../../../riscv64-unknown-elf/lib -L/opt/kendryte-toolchain/riscv64-unknown-elf/lib CMakeFiles/cmTC_d7463.dir/CMakeCCompilerABI.c.obj -lgcc --start-group -lc -lgloss --end-group -lgcc /opt/kendryte-toolchain/lib/gcc/riscv64-unknown-elf/8.2.0/crtend.o
/opt/kendryte-toolchain/lib/gcc/riscv64-unknown-elf/8.2.0/../../../../riscv64-unknown-elf/bin/ld: warning: cannot find entry symbol _start; defaulting to 00000000000100b0
COLLECT_GCC_OPTIONS='-mcmodel=medany' '-mabi=lp64f' '-march=rv64imafc' '-fno-common' '-ffunction-sections' '-fdata-sections' '-fstrict-volatile-bitfields' '-fno-zero-initialized-in-bss' '-ffast-math' '-fno-math-errno' '-fsingle-precision-constant' '-Os' '-ggdb' '-std=gnu11' '-Wno-pointer-to-int-cast' '-Wall' '-Werror=all' '-Wno-error=unused-function' '-Wno-error=unused-but-set-variable' '-Wno-error=unused-variable' '-Wno-error=deprecated-declarations' '-Wextra' '-Werror=frame-larger-than=32768' '-Wno-unused-parameter' '-Wno-sign-compare' '-Wno-error=missing-braces' '-Wno-error=return-type' '-Wno-error=pointer-sign' '-Wno-missing-braces' '-Wno-strict-aliasing' '-Wimplicit-fallthrough=0' '-Wno-missing-field-initializers' '-Wno-int-to-pointer-cast' '-Wno-error=comment' '-Wno-error=logical-not-parentheses' '-Wno-error=duplicate-decl-specifier' '-Wno-error=parentheses' '-Wno-old-style-declaration' '-v' '-o' 'cmTC_d7463'
make[1]: Leaving directory '/home/asdf/Projects/Quadmini/quadmini-standalone-mc/buildhw/CMakeFiles/CMakeTmp'



Parsed C implicit include dir info from above output: rv=done
  found start of include info
  found start of implicit include info
    add: [/opt/kendryte-toolchain/lib/gcc/riscv64-unknown-elf/8.2.0/include]
    add: [/opt/kendryte-toolchain/lib/gcc/riscv64-unknown-elf/8.2.0/include-fixed]
    add: [/opt/kendryte-toolchain/lib/gcc/riscv64-unknown-elf/8.2.0/../../../../riscv64-unknown-elf/include]
  end of search list found
  collapse include dir [/opt/kendryte-toolchain/lib/gcc/riscv64-unknown-elf/8.2.0/include] ==> [/opt/kendryte-toolchain/lib/gcc/riscv64-unknown-elf/8.2.0/include]
  collapse include dir [/opt/kendryte-toolchain/lib/gcc/riscv64-unknown-elf/8.2.0/include-fixed] ==> [/opt/kendryte-toolchain/lib/gcc/riscv64-unknown-elf/8.2.0/include-fixed]
  collapse include dir [/opt/kendryte-toolchain/lib/gcc/riscv64-unknown-elf/8.2.0/../../../../riscv64-unknown-elf/include] ==> [/opt/kendryte-toolchain/riscv64-unknown-elf/include]
  implicit include dirs: [/opt/kendryte-toolchain/lib/gcc/riscv64-unknown-elf/8.2.0/include;/opt/kendryte-toolchain/lib/gcc/riscv64-unknown-elf/8.2.0/include-fixed;/opt/kendryte-toolchain/riscv64-unknown-elf/include]


Parsed C implicit link information from above output:
  link line regex: [^( *|.*[/\])(riscv64-unknown-elf-ld|CMAKE_LINK_STARTFILE-NOTFOUND|([^/\]+-)?ld|collect2)[^/\]*( |$)]
  ignore line: [Change Dir: /home/asdf/Projects/Quadmini/quadmini-standalone-mc/buildhw/CMakeFiles/CMakeTmp]
  ignore line: []
  ignore line: [Run Build Command(s):/usr/bin/make cmTC_d7463/fast && /usr/bin/make -f CMakeFiles/cmTC_d7463.dir/build.make CMakeFiles/cmTC_d7463.dir/build]
  ignore line: [make[1]: Entering directory '/home/asdf/Projects/Quadmini/quadmini-standalone-mc/buildhw/CMakeFiles/CMakeTmp']
  ignore line: [Building C object CMakeFiles/cmTC_d7463.dir/CMakeCCompilerABI.c.obj]
  ignore line: [/opt/kendryte-toolchain/bin/riscv64-unknown-elf-gcc   -mcmodel=medany -mabi=lp64f -march=rv64imafc -fno-common -ffunction-sections -fdata-sections -fstrict-volatile-bitfields -fno-zero-initialized-in-bss -ffast-math -fno-math-errno -fsingle-precision-constant -Os -ggdb -std=gnu11 -Wno-pointer-to-int-cast -Wall -Werror=all -Wno-error=unused-function -Wno-error=unused-but-set-variable -Wno-error=unused-variable -Wno-error=deprecated-declarations -Wextra -Werror=frame-larger-than=32768 -Wno-unused-parameter -Wno-sign-compare -Wno-error=missing-braces -Wno-error=return-type -Wno-error=pointer-sign -Wno-missing-braces -Wno-strict-aliasing -Wno-implicit-fallthrough -Wno-missing-field-initializers -Wno-int-to-pointer-cast -Wno-error=comment -Wno-error=logical-not-parentheses -Wno-error=duplicate-decl-specifier -Wno-error=parentheses -Wno-old-style-declaration    -v -o CMakeFiles/cmTC_d7463.dir/CMakeCCompilerABI.c.obj   -c /usr/share/cmake-3.16/Modules/CMakeCCompilerABI.c]
  ignore line: [Using built-in specs.]
  ignore line: [COLLECT_GCC=/opt/kendryte-toolchain/bin/riscv64-unknown-elf-gcc]
  ignore line: [Target: riscv64-unknown-elf]
  ignore line: [Configured with: /kendryte/riscv-gcc/configure --target=riscv64-unknown-elf --prefix=/opt/kendryte-toolchain --disable-shared --enable-threads=posix --enable-languages=c c++ --enable-libatomic --without-system-zlib --enable-tls --with-newlib --with-sysroot=/opt/kendryte-toolchain/riscv64-unknown-elf --with-native-system-header-dir=/include --disable-libmudflap --disable-libssp --disable-libquadmath --disable-libgomp --disable-nls --src=.././riscv-gcc --enable-checking=yes --disable-multilib --with-abi=lp64f --with-arch=rv64imafc 'CFLAGS_FOR_TARGET=-Os -ffunction-sections -fdata-sections  -mcmodel=medany' 'CXXFLAGS_FOR_TARGET=-Os -ffunction-sections -fdata-sections -mcmodel=medany']
  ignore line: [Thread model: posix]
  ignore line: [gcc version 8.2.0 (GCC) ]
  ignore line: [COLLECT_GCC_OPTIONS='-mcmodel=medany' '-mabi=lp64f' '-march=rv64imafc' '-fno-common' '-ffunction-sections' '-fdata-sections' '-fstrict-volatile-bitfields' '-fno-zero-initialized-in-bss' '-ffast-math' '-fno-math-errno' '-fsingle-precision-constant' '-Os' '-ggdb' '-std=gnu11' '-Wno-pointer-to-int-cast' '-Wall' '-Werror=all' '-Wno-error=unused-function' '-Wno-error=unused-but-set-variable' '-Wno-error=unused-variable' '-Wno-error=deprecated-declarations' '-Wextra' '-Werror=frame-larger-than=32768' '-Wno-unused-parameter' '-Wno-sign-compare' '-Wno-error=missing-braces' '-Wno-error=return-type' '-Wno-error=pointer-sign' '-Wno-missing-braces' '-Wno-strict-aliasing' '-Wimplicit-fallthrough=0' '-Wno-missing-field-initializers' '-Wno-int-to-pointer-cast' '-Wno-error=comment' '-Wno-error=logical-not-parentheses' '-Wno-error=duplicate-decl-specifier' '-Wno-error=parentheses' '-Wno-old-style-declaration' '-v' '-o' 'CMakeFiles/cmTC_d7463.dir/CMakeCCompilerABI.c.obj' '-c']
  ignore line: [ /opt/kendryte-toolchain/libexec/gcc/riscv64-unknown-elf/8.2.0/cc1 -quiet -v /usr/share/cmake-3.16/Modules/CMakeCCompilerABI.c -quiet -dumpbase CMakeCCompilerABI.c -mcmodel=medany -mabi=lp64f -march=rv64imafc -auxbase-strip CMakeFiles/cmTC_d7463.dir/CMakeCCompilerABI.c.obj -ggdb -Os -Wno-pointer-to-int-cast -Wall -Werror=all -Wno-error=unused-function -Wno-error=unused-but-set-variable -Wno-error=unused-variable -Wno-error=deprecated-declarations -Wextra -Werror=frame-larger-than=32768 -Wno-unused-parameter -Wno-sign-compare -Wno-error=missing-braces -Wno-error=return-type -Wno-error=pointer-sign -Wno-missing-braces -Wno-strict-aliasing -Wimplicit-fallthrough=0 -Wno-missing-field-initializers -Wno-int-to-pointer-cast -Wno-error=comment -Wno-error=logical-not-parentheses -Wno-error=duplicate-decl-specifier -Wno-error=parentheses -Wno-old-style-declaration -std=gnu11 -version -fno-common -ffunction-sections -fdata-sections -fstrict-volatile-bitfields -fno-zero-initialized-in-bss -ffast-math -fno-math-errno -fsingle-precision-constant -o /tmp/ccGkqUpc.s]
  ignore line: [GNU C11 (GCC) version 8.2.0 (riscv64-unknown-elf)]
  ignore line: [	compiled by GNU C version 7.3.0  GMP version 6.1.0  MPFR version 3.1.4  MPC version 1.0.3  isl version isl-0.18-GMP]
  ignore line: []
  ignore line: [GGC heuristics: --param ggc-min-expand=30 --param ggc-min-heapsize=4096]
  ignore line: [ignoring nonexistent directory "/opt/kendryte-toolchain/riscv64-unknown-elf/usr/local/include"]
  ignore line: [ignoring duplicate directory "/opt/kendryte-toolchain/riscv64-unknown-elf/include"]
  ignore line: [#include "..." search starts here:]
  ignore line: [#include <...> search starts here:]
  ignore line: [ /opt/kendryte-toolchain/lib/gcc/riscv64-unknown-elf/8.2.0/include]
  ignore line: [ /opt/kendryte-toolchain/lib/gcc/riscv64-unknown-elf/8.2.0/include-fixed]
  ignore line: [ /opt/kendryte-toolchain/lib/gcc/riscv64-unknown-elf/8.2.0/../../../../riscv64-unknown-elf/include]
  ignore line: [End of search list.]
  ignore line: [GNU C11 (GCC) version 8.2.0 (riscv64-unknown-elf)]
  ignore line: [	compiled by GNU C version 7.3.0  GMP version 6.1.0  MPFR version 3.1.4  MPC version 1.0.3  isl version isl-0.18-GMP]
  ignore line: []
  ignore line: [GGC heuristics: --param ggc-min-expand=30 --param ggc-min-heapsize=4096]
  ignore line: [Compiler executable checksum: 093cec45eb096233911e15ccc7faf75b]
  ignore line: [COLLECT_GCC_OPTIONS='-mcmodel=medany' '-mabi=lp64f' '-march=rv64imafc' '-fno-common' '-ffunction-sections' '-fdata-sections' '-fstrict-volatile-bitfields' '-fno-zero-initialized-in-bss' '-ffast-math' '-fno-math-errno' '-fsingle-precision-constant' '-Os' '-ggdb' '-std=gnu11' '-Wno-pointer-to-int-cast' '-Wall' '-Werror=all' '-Wno-error=unused-function' '-Wno-error=unused-but-set-variable' '-Wno-error=unused-variable' '-Wno-error=deprecated-declarations' '-Wextra' '-Werror=frame-larger-than=32768' '-Wno-unused-parameter' '-Wno-sign-compare' '-Wno-error=missing-braces' '-Wno-error=return-type' '-Wno-error=pointer-sign' '-Wno-missing-braces' '-Wno-strict-aliasing' '-Wimplicit-fallthrough=0' '-Wno-missing-field-initializers' '-Wno-int-to-pointer-cast' '-Wno-error=comment' '-Wno-error=logical-not-parentheses' '-Wno-error=duplicate-decl-specifier' '-Wno-error=parentheses' '-Wno-old-style-declaration' '-v' '-o' 'CMakeFiles/cmTC_d7463.dir/CMakeCCompilerABI.c.obj' '-c']
  ignore line: [ /opt/kendryte-toolchain/lib/gcc/riscv64-unknown-elf/8.2.0/../../../../riscv64-unknown-elf/bin/as -v --traditional-format -march=rv64imafc -mabi=lp64f -o CMakeFiles/cmTC_d7463.dir/CMakeCCompilerABI.c.obj /tmp/ccGkqUpc.s]
  ignore line: [GNU assembler version 2.31.51 (riscv64-unknown-elf) using BFD version (GNU Binutils) 2.31.51]
  ignore line: [COMPILER_PATH=/opt/kendryte-toolchain/libexec/gcc/riscv64-unknown-elf/8.2.0/:/opt/kendryte-toolchain/libexec/gcc/riscv64-unknown-elf/8.2.0/:/opt/kendryte-toolchain/libexec/gcc/riscv64-unknown-elf/:/opt/kendryte-toolchain/lib/gcc/riscv64-unknown-elf/8.2.0/:/opt/kendryte-toolchain/lib/gcc/riscv64-unknown-elf/:/opt/kendryte-toolchain/lib/gcc/riscv64-unknown-elf/8.2.0/../../../../riscv64-unknown-elf/bin/]
  ignore line: [LIBRARY_PATH=/opt/kendryte-toolchain/lib/gcc/riscv64-unknown-elf/8.2.0/:/opt/kendryte-toolchain/lib/gcc/riscv64-unknown-elf/8.2.0/../../../../riscv64-unknown-elf/lib/:/opt/kendryte-toolchain/riscv64-unknown-elf/lib/]
  ignore line: [COLLECT_GCC_OPTIONS='-mcmodel=medany' '-mabi=lp64f' '-march=rv64imafc' '-fno-common' '-ffunction-sections' '-fdata-sections' '-fstrict-volatile-bitfields' '-fno-zero-initialized-in-bss' '-ffast-math' '-fno-math-errno' '-fsingle-precision-constant' '-Os' '-ggdb' '-std=gnu11' '-Wno-pointer-to-int-cast' '-Wall' '-Werror=all' '-Wno-error=unused-function' '-Wno-error=unused-but-set-variable' '-Wno-error=unused-variable' '-Wno-error=deprecated-declarations' '-Wextra' '-Werror=frame-larger-than=32768' '-Wno-unused-parameter' '-Wno-sign-compare' '-Wno-error=missing-braces' '-Wno-error=return-type' '-Wno-error=pointer-sign' '-Wno-missing-braces' '-Wno-strict-aliasing' '-Wimplicit-fallthrough=0' '-Wno-missing-field-initializers' '-Wno-int-to-pointer-cast' '-Wno-error=comment' '-Wno-error=logical-not-parentheses' '-Wno-error=duplicate-decl-specifier' '-Wno-error=parentheses' '-Wno-old-style-declaration' '-v' '-o' 'CMakeFiles/cmTC_d7463.dir/CMakeCCompilerABI.c.obj' '-c']
  ignore line: [Linking C executable cmTC_d7463]
  ignore line: [/usr/bin/cmake -E cmake_link_script CMakeFiles/cmTC_d7463.dir/link.txt --verbose=1]
  ignore line: [/opt/kendryte-toolchain/bin/riscv64-unknown-elf-gcc  -mcmodel=medany -mabi=lp64f -march=rv64imafc -fno-common -ffunction-sections -fdata-sections -fstrict-volatile-bitfields -fno-zero-initialized-in-bss -ffast-math -fno-math-errno -fsingle-precision-constant -Os -ggdb -std=gnu11 -Wno-pointer-to-int-cast -Wall -Werror=all -Wno-error=unused-function -Wno-error=unused-but-set-variable -Wno-error=unused-variable -Wno-error=deprecated-declarations -Wextra -Werror=frame-larger-than=32768 -Wno-unused-parameter -Wno-sign-compare -Wno-error=missing-braces -Wno-error=return-type -Wno-error=pointer-sign -Wno-missing-braces -Wno-strict-aliasing -Wno-implicit-fallthrough -Wno-missing-field-initializers -Wno-int-to-pointer-cast -Wno-error=comment -Wno-error=logical-not-parentheses -Wno-error=duplicate-decl-specifier -Wno-error=parentheses -Wno-old-style-declaration    -v CMakeFiles/cmTC_d7463.dir/CMakeCCompilerABI.c.obj  -o cmTC_d7463 ]
  ignore line: [Using built-in specs.]
  ignore line: [COLLECT_GCC=/opt/kendryte-toolchain/bin/riscv64-unknown-elf-gcc]
  ignore line: [COLLECT_LTO_WRAPPER=/opt/kendryte-toolchain/libexec/gcc/riscv64-unknown-elf/8.2.0/lto-wrapper]
  ignore line: [Target: riscv64-unknown-elf]
  ignore line: [Configured with: /kendryte/riscv-gcc/configure --target=riscv64-unknown-elf --prefix=/opt/kendryte-toolchain --disable-shared --enable-threads=posix --enable-languages=c c++ --enable-libatomic --without-system-zlib --enable-tls --with-newlib --with-sysroot=/opt/kendryte-toolchain/riscv64-unknown-elf --with-native-system-header-dir=/include --disable-libmudflap --disable-libssp --disable-libquadmath --disable-libgomp --disable-nls --src=.././riscv-gcc --enable-checking=yes --disable-multilib --with-abi=lp64f --with-arch=rv64imafc 'CFLAGS_FOR_TARGET=-Os -ffunction-sections -fdata-sections  -mcmodel=medany' 'CXXFLAGS_FOR_TARGET=-Os -ffunction-sections -fdata-sections -mcmodel=medany']
  ignore line: [Thread model: posix]
  ignore line: [gcc version 8.2.0 (GCC) ]
  ignore line: [COMPILER_PATH=/opt/kendryte-toolchain/libexec/gcc/riscv64-unknown-elf/8.2.0/:/opt/kendryte-toolchain/libexec/gcc/riscv64-unknown-elf/8.2.0/:/opt/kendryte-toolchain/libexec/gcc/riscv64-unknown-elf/:/opt/kendryte-toolchain/lib/gcc/riscv64-unknown-elf/8.2.0/:/opt/kendryte-toolchain/lib/gcc/riscv64-unknown-elf/:/opt/kendryte-toolchain/lib/gcc/riscv64-unknown-elf/8.2.0/../../../../riscv64-unknown-elf/bin/]
  ignore line: [LIBRARY_PATH=/opt/kendryte-toolchain/lib/gcc/riscv64-unknown-elf/8.2.0/:/opt/kendryte-toolchain/lib/gcc/riscv64-unknown-elf/8.2.0/../../../../riscv64-unknown-elf/lib/:/opt/kendryte-toolchain/riscv64-unknown-elf/lib/]
  ignore line: [COLLECT_GCC_OPTIONS='-mcmodel=medany' '-mabi=lp64f' '-march=rv64imafc' '-fno-common' '-ffunction-sections' '-fdata-sections' '-fstrict-volatile-bitfields' '-fno-zero-initialized-in-bss' '-ffast-math' '-fno-math-errno' '-fsingle-precision-constant' '-Os' '-ggdb' '-std=gnu11' '-Wno-pointer-to-int-cast' '-Wall' '-Werror=all' '-Wno-error=unused-function' '-Wno-error=unused-but-set-variable' '-Wno-error=unused-variable' '-Wno-error=deprecated-declarations' '-Wextra' '-Werror=frame-larger-than=32768' '-Wno-unused-parameter' '-Wno-sign-compare' '-Wno-error=missing-braces' '-Wno-error=return-type' '-Wno-error=pointer-sign' '-Wno-missing-braces' '-Wno-strict-aliasing' '-Wimplicit-fallthrough=0' '-Wno-missing-field-initializers' '-Wno-int-to-pointer-cast' '-Wno-error=comment' '-Wno-error=logical-not-parentheses' '-Wno-error=duplicate-decl-specifier' '-Wno-error=parentheses' '-Wno-old-style-declaration' '-v' '-o' 'cmTC_d7463']
  link line: [ /opt/kendryte-toolchain/libexec/gcc/riscv64-unknown-elf/8.2.0/collect2 --sysroot=/opt/kendryte-toolchain/riscv64-unknown-elf -melf64lriscv -o cmTC_d7463 /opt/kendryte-toolchain/lib/gcc/riscv64-unknown-elf/8.2.0/../../../../riscv64-unknown-elf/lib/crt0.o /opt/kendryte-toolchain/lib/gcc/riscv64-unknown-elf/8.2.0/crtbegin.o -L/opt/kendryte-toolchain/lib/gcc/riscv64-unknown-elf/8.2.0 -L/opt/kendryte-toolchain/lib/gcc/riscv64-unknown-elf/8.2.0/../../../../riscv64-unknown-elf/lib -L/opt/kendryte-toolchain/riscv64-unknown-elf/lib CMakeFiles/cmTC_d7463.dir/CMakeCCompilerABI.c.obj -lgcc --start-group -lc -lgloss --end-group -lgcc /opt/kendryte-toolchain/lib/gcc/riscv64-unknown-elf/8.2.0/crtend.o]
    arg [/opt/kendryte-toolchain/libexec/gcc/riscv64-unknown-elf/8.2.0/collect2] ==> ignore
    arg [--sysroot=/opt/kendryte-toolchain/riscv64-unknown-elf] ==> ignore
    arg [-melf64lriscv] ==> ignore
    arg [-o] ==> ignore
    arg [cmTC_d7463] ==> ignore
    arg [/opt/kendryte-toolchain/lib/gcc/riscv64-unknown-elf/8.2.0/../../../../riscv64-unknown-elf/lib/crt0.o] ==> ignore
    arg [/opt/kendryte-toolchain/lib/gcc/riscv64-unknown-elf/8.2.0/crtbegin.o] ==> ignore
    arg [-L/opt/kendryte-toolchain/lib/gcc/riscv64-unknown-elf/8.2.0] ==> dir [/opt/kendryte-toolchain/lib/gcc/riscv64-unknown-elf/8.2.0]
    arg [-L/opt/kendryte-toolchain/lib/gcc/riscv64-unknown-elf/8.2.0/../../../../riscv64-unknown-elf/lib] ==> dir [/opt/kendryte-toolchain/lib/gcc/riscv64-unknown-elf/8.2.0/../../../../riscv64-unknown-elf/lib]
    arg [-L/opt/kendryte-toolchain/riscv64-unknown-elf/lib] ==> dir [/opt/kendryte-toolchain/riscv64-unknown-elf/lib]
    arg [CMakeFiles/cmTC_d7463.dir/CMakeCCompilerABI.c.obj] ==> ignore
    arg [-lgcc] ==> lib [gcc]
    arg [--start-group] ==> ignore
    arg [-lc] ==> lib [c]
    arg [-lgloss] ==> lib [gloss]
    arg [--end-group] ==> ignore
    arg [-lgcc] ==> lib [gcc]
    arg [/opt/kendryte-toolchain/lib/gcc/riscv64-unknown-elf/8.2.0/crtend.o] ==> ignore
  collapse library dir [/opt/kendryte-toolchain/lib/gcc/riscv64-unknown-elf/8.2.0] ==> [/opt/kendryte-toolchain/lib/gcc/riscv64-unknown-elf/8.2.0]
  collapse library dir [/opt/kendryte-toolchain/lib/gcc/riscv64-unknown-elf/8.2.0/../../../../riscv64-unknown-elf/lib] ==> [/opt/kendryte-toolchain/riscv64-unknown-elf/lib]
  collapse library dir [/opt/kendryte-toolchain/riscv64-unknown-elf/lib] ==> [/opt/kendryte-toolchain/riscv64-unknown-elf/lib]
  implicit libs: [gcc;c;gloss;gcc]
  implicit dirs: [/opt/kendryte-toolchain/lib/gcc/riscv64-unknown-elf/8.2.0;/opt/kendryte-toolchain/riscv64-unknown-elf/lib]
  implicit fwks: []


Detecting CXX compiler ABI info compiled with the following output:
Change Dir: /home/asdf/Projects/Quadmini/quadmini-standalone-mc/buildhw/CMakeFiles/CMakeTmp

Run Build Command(s):/usr/bin/make cmTC_b65ac/fast && /usr/bin/make -f CMakeFiles/cmTC_b65ac.dir/build.make CMakeFiles/cmTC_b65ac.dir/build
make[1]: Entering directory '/home/asdf/Projects/Quadmini/quadmini-standalone-mc/buildhw/CMakeFiles/CMakeTmp'
Building CXX object CMakeFiles/cmTC_b65ac.dir/CMakeCXXCompilerABI.cpp.obj
/opt/kendryte-toolchain/bin/riscv64-unknown-elf-g++    -mcmodel=medany -mabi=lp64f -march=rv64imafc -fno-common -ffunction-sections -fdata-sections -fstrict-volatile-bitfields -fno-zero-initialized-in-bss -ffast-math -fno-math-errno -fsingle-precision-constant -Os -ggdb -std=gnu++17 -Wall -Werror=all -Wno-error=unused-function -Wno-error=unused-but-set-variable -Wno-error=unused-variable -Wno-error=deprecated-declarations -Wextra -Werror=frame-larger-than=32768 -Wno-unused-parameter -Wno-sign-compare -Wno-error=missing-braces -Wno-error=return-type -Wno-error=pointer-sign -Wno-missing-braces -Wno-strict-aliasing -Wno-implicit-fallthrough -Wno-missing-field-initializers -Wno-int-to-pointer-cast -Wno-error=comment -Wno-error=logical-not-parentheses -Wno-error=duplicate-decl-specifier -Wno-error=parentheses    -v -o CMakeFiles/cmTC_b65ac.dir/CMakeCXXCompilerABI.cpp.obj -c /usr/share/cmake-3.16/Modules/CMakeCXXCompilerABI.cpp
Using built-in specs.
COLLECT_GCC=/opt/kendryte-toolchain/bin/riscv64-unknown-elf-g++
Target: riscv64-unknown-elf
Configured with: /kendryte/riscv-gcc/configure --target=riscv64-unknown-elf --prefix=/opt/kendryte-toolchain --disable-shared --enable-threads=posix --enable-languages=c,c++ --enable-libatomic --without-system-zlib --enable-tls --with-newlib --with-sysroot=/opt/kendryte-toolchain/riscv64-unknown-elf --with-native-system-header-dir=/include --disable-libmudflap --disable-libssp --disable-libquadmath --disable-libgomp --disable-nls --src=.././riscv-gcc --enable-checking=yes --disable-multilib --with-abi=lp64f --with-arch=rv64imafc 'CFLAGS_FOR_TARGET=-Os -ffunction-sections -fdata-sections  -mcmodel=medany' 'CXXFLAGS_FOR_TARGET=-Os -ffunction-sections -fdata-sections -mcmodel=medany'
Thread model: posix
gcc version 8.2.0 (GCC) 
COLLECT_GCC_OPTIONS='-mcmodel=medany' '-mabi=lp64f' '-march=rv64imafc' '-fno-common' '-ffunction-sections' '-fdata-sections' '-fstrict-volatile-bitfields' '-fno-zero-initialized-in-bss' '-ffast-math' '-fno-math-errno' '-fsingle-precision-constant' '-Os' '-ggdb' '-std=gnu++17' '-Wall' '-Werror=all' '-Wno-error=unused-function' '-Wno-error=unused-but-set-variable' '-Wno-error=unused-variable' '-Wno-error=deprecated-declarations' '-Wextra' '-Werror=frame-larger-than=32768' '-Wno-unused-parameter' '-Wno-sign-compare' '-Wno-error=missing-braces' '-Wno-error=return-type' '-Wno-error=pointer-sign' '-Wno-missing-braces' '-Wno-strict-aliasing' '-Wimplicit-fallthrough=0' '-Wno-missing-field-initializers' '-Wno-int-to-pointer-cast' '-Wno-error=comment' '-Wno-error=logical-not-parentheses' '-Wno-error=duplicate-decl-specifier' '-Wno-error=parentheses' '-v' '-o' 'CMakeFiles/cmTC_b65ac.dir/CMakeCXXCompilerABI.cpp.obj' '-c'
 /opt/kendryte-toolchain/libexec/gcc/riscv64-unknown-elf/8.2.0/cc1plus -quiet -v /usr/share/cmake-3.16/Modules/CMakeCXXCompilerABI.cpp -quiet -dumpbase CMakeCXXCompilerABI.cpp -mcmodel=medany -mabi=lp64f -march=rv64imafc -auxbase-strip CMakeFiles/cmTC_b65ac.dir/CMakeCXXCompilerABI.cpp.obj -ggdb -Os -Wall -Werror=all -Wno-error=unused-function -Wno-error=unused-but-set-variable -Wno-error=unused-variable -Wno-error=deprecated-declarations -Wextra -Werror=frame-larger-than=32768 -Wno-unused-parameter -Wno-sign-compare -Wno-error=missing-braces -Wno-error=return-type -Wno-error=pointer-sign -Wno-missing-braces -Wno-strict-aliasing -Wimplicit-fallthrough=0 -Wno-missing-field-initializers -Wno-int-to-pointer-cast -Wno-error=comment -Wno-error=logical-not-parentheses -Wno-error=duplicate-decl-specifier -Wno-error=parentheses -std=gnu++17 -version -fno-common -ffunction-sections -fdata-sections -fstrict-volatile-bitfields -fno-zero-initialized-in-bss -ffast-math -fno-math-errno -fsingle-precision-constant -o /tmp/cc3p4Iud.s
GNU C++17 (GCC) version 8.2.0 (riscv64-unknown-elf)
	compiled by GNU C version 7.3.0, GMP version 6.1.0, MPFR version 3.1.4, MPC version 1.0.3, isl version isl-0.18-GMP

GGC heuristics: --param ggc-min-expand=30 --param ggc-min-heapsize=4096
ignoring nonexistent directory "/opt/kendryte-toolchain/riscv64-unknown-elf/usr/local/include"
ignoring duplicate directory "/opt/kendryte-toolchain/riscv64-unknown-elf/include"
#include "..." search starts here:
#include <...> search starts here:
 /opt/kendryte-toolchain/lib/gcc/riscv64-unknown-elf/8.2.0/../../../../riscv64-unknown-elf/include/c++/8.2.0
 /opt/kendryte-toolchain/lib/gcc/riscv64-unknown-elf/8.2.0/../../../../riscv64-unknown-elf/include/c++/8.2.0/riscv64-unknown-elf
 /opt/kendryte-toolchain/lib/gcc/riscv64-unknown-elf/8.2.0/../../../../riscv64-unknown-elf/include/c++/8.2.0/backward
 /opt/kendryte-toolchain/lib/gcc/riscv64-unknown-elf/8.2.0/include
 /opt/kendryte-toolchain/lib/gcc/riscv64-unknown-elf/8.2.0/include-fixed
 /opt/kendryte-toolchain/lib/gcc/riscv64-unknown-elf/8.2.0/../../../../riscv64-unknown-elf/include
End of search list.
GNU C++17 (GCC) version 8.2.0 (riscv64-unknown-elf)
	compiled by GNU C version 7.3.0, GMP version 6.1.0, MPFR version 3.1.4, MPC version 1.0.3, isl version isl-0.18-GMP

GGC heuristics: --param ggc-min-expand=30 --param ggc-min-heapsize=4096
Compiler executable checksum: f84142b3120fc1ef6273f134d1c2b263
COLLECT_GCC_OPTIONS='-mcmodel=medany' '-mabi=lp64f' '-march=rv64imafc' '-fno-common' '-ffunction-sections' '-fdata-sections' '-fstrict-volatile-bitfields' '-fno-zero-initialized-in-bss' '-ffast-math' '-fno-math-errno' '-fsingle-precision-constant' '-Os' '-ggdb' '-std=gnu++17' '-Wall' '-Werror=all' '-Wno-error=unused-function' '-Wno-error=unused-but-set-variable' '-Wno-error=unused-variable' '-Wno-error=deprecated-declarations' '-Wextra' '-Werror=frame-larger-than=32768' '-Wno-unused-parameter' '-Wno-sign-compare' '-Wno-error=missing-braces' '-Wno-error=return-type' '-Wno-error=pointer-sign' '-Wno-missing-braces' '-Wno-strict-aliasing' '-Wimplicit-fallthrough=0' '-Wno-missing-field-initializers' '-Wno-int-to-pointer-cast' '-Wno-error=comment' '-Wno-error=logical-not-parentheses' '-Wno-error=duplicate-decl-specifier' '-Wno-error=parentheses' '-v' '-o' 'CMakeFiles/cmTC_b65ac.dir/CMakeCXXCompilerABI.cpp.obj' '-c'
 /opt/kendryte-toolchain/lib/gcc/riscv64-unknown-elf/8.2.0/../../../../riscv64-unknown-elf/bin/as -v --traditional-format -march=rv64imafc -mabi=lp64f -o CMakeFiles/cmTC_b65ac.dir/CMakeCXXCompilerABI.cpp.obj /tmp/cc3p4Iud.s
GNU assembler version 2.31.51 (riscv64-unknown-elf) using BFD version (GNU Binutils) 2.31.51
COMPILER_PATH=/opt/kendryte-toolchain/libexec/gcc/riscv64-unknown-elf/8.2.0/:/opt/kendryte-toolchain/libexec/gcc/riscv64-unknown-elf/8.2.0/:/opt/kendryte-toolchain/libexec/gcc/riscv64-unknown-elf/:/opt/kendryte-toolchain/lib/gcc/riscv64-unknown-elf/8.2.0/:/opt/kendryte-toolchain/lib/gcc/riscv64-unknown-elf/:/opt/kendryte-toolchain/lib/gcc/riscv64-unknown-elf/8.2.0/../../../../riscv64-unknown-elf/bin/
LIBRARY_PATH=/opt/kendryte-toolchain/lib/gcc/riscv64-unknown-elf/8.2.0/:/opt/kendryte-toolchain/lib/gcc/riscv64-unknown-elf/8.2.0/../../../../riscv64-unknown-elf/lib/:/opt/kendryte-toolchain/riscv64-unknown-elf/lib/
COLLECT_GCC_OPTIONS='-mcmodel=medany' '-mabi=lp64f' '-march=rv64imafc' '-fno-common' '-ffunction-sections' '-fdata-sections' '-fstrict-volatile-bitfields' '-fno-zero-initialized-in-bss' '-ffast-math' '-fno-math-errno' '-fsingle-precision-constant' '-Os' '-ggdb' '-std=gnu++17' '-Wall' '-Werror=all' '-Wno-error=unused-function' '-Wno-error=unused-but-set-variable' '-Wno-error=unused-variable' '-Wno-error=deprecated-declarations' '-Wextra' '-Werror=frame-larger-than=32768' '-Wno-unused-parameter' '-Wno-sign-compare' '-Wno-error=missing-braces' '-Wno-error=return-type' '-Wno-error=pointer-sign' '-Wno-missing-braces' '-Wno-strict-aliasing' '-Wimplicit-fallthrough=0' '-Wno-missing-field-initializers' '-Wno-int-to-pointer-cast' '-Wno-error=comment' '-Wno-error=logical-not-parentheses' '-Wno-error=duplicate-decl-specifier' '-Wno-error=parentheses' '-v' '-o' 'CMakeFiles/cmTC_b65ac.dir/CMakeCXXCompilerABI.cpp.obj' '-c'
Linking CXX executable cmTC_b65ac
/usr/bin/cmake -E cmake_link_script CMakeFiles/cmTC_b65ac.dir/link.txt --verbose=1
/opt/kendryte-toolchain/bin/riscv64-unknown-elf-g++   -mcmodel=medany -mabi=lp64f -march=rv64imafc -fno-common -ffunction-sections -fdata-sections -fstrict-volatile-bitfields -fno-zero-initialized-in-bss -ffast-math -fno-math-errno -fsingle-precision-constant -Os -ggdb -std=gnu++17 -Wall -Werror=all -Wno-error=unused-function -Wno-error=unused-but-set-variable -Wno-error=unused-variable -Wno-error=deprecated-declarations -Wextra -Werror=frame-larger-than=32768 -Wno-unused-parameter -Wno-sign-compare -Wno-error=missing-braces -Wno-error=return-type -Wno-error=pointer-sign -Wno-missing-braces -Wno-strict-aliasing -Wno-implicit-fallthrough -Wno-missing-field-initializers -Wno-int-to-pointer-cast -Wno-error=comment -Wno-error=logical-not-parentheses -Wno-error=duplicate-decl-specifier -Wno-error=parentheses    -v CMakeFiles/cmTC_b65ac.dir/CMakeCXXCompilerABI.cpp.obj  -o cmTC_b65ac 
Using built-in specs.
COLLECT_GCC=/opt/kendryte-toolchain/bin/riscv64-unknown-elf-g++
COLLECT_LTO_WRAPPER=/opt/kendryte-toolchain/libexec/gcc/riscv64-unknown-elf/8.2.0/lto-wrapper
Target: riscv64-unknown-elf
Configured with: /kendryte/riscv-gcc/configure --target=riscv64-unknown-elf --prefix=/opt/kendryte-toolchain --disable-shared --enable-threads=posix --enable-languages=c,c++ --enable-libatomic --without-system-zlib --enable-tls --with-newlib --with-sysroot=/opt/kendryte-toolchain/riscv64-unknown-elf --with-native-system-header-dir=/include --disable-libmudflap --disable-libssp --disable-libquadmath --disable-libgomp --disable-nls --src=.././riscv-gcc --enable-checking=yes --disable-multilib --with-abi=lp64f --with-arch=rv64imafc 'CFLAGS_FOR_TARGET=-Os -ffunction-sections -fdata-sections  -mcmodel=medany' 'CXXFLAGS_FOR_TARGET=-Os -ffunction-sections -fdata-sections -mcmodel=medany'
Thread model: posix
gcc version 8.2.0 (GCC) 
COMPILER_PATH=/opt/kendryte-toolchain/libexec/gcc/riscv64-unknown-elf/8.2.0/:/opt/kendryte-toolchain/libexec/gcc/riscv64-unknown-elf/8.2.0/:/opt/kendryte-toolchain/libexec/gcc/riscv64-unknown-elf/:/opt/kendryte-toolchain/lib/gcc/riscv64-unknown-elf/8.2.0/:/opt/kendryte-toolchain/lib/gcc/riscv64-unknown-elf/:/opt/kendryte-toolchain/lib/gcc/riscv64-unknown-elf/8.2.0/../../../../riscv64-unknown-elf/bin/
LIBRARY_PATH=/opt/kendryte-toolchain/lib/gcc/riscv64-unknown-elf/8.2.0/:/opt/kendryte-toolchain/lib/gcc/riscv64-unknown-elf/8.2.0/../../../../riscv64-unknown-elf/lib/:/opt/kendryte-toolchain/riscv64-unknown-elf/lib/
COLLECT_GCC_OPTIONS='-mcmodel=medany' '-mabi=lp64f' '-march=rv64imafc' '-fno-common' '-ffunction-sections' '-fdata-sections' '-fstrict-volatile-bitfields' '-fno-zero-initialized-in-bss' '-ffast-math' '-fno-math-errno' '-fsingle-precision-constant' '-Os' '-ggdb' '-std=gnu++17' '-Wall' '-Werror=all' '-Wno-error=unused-function' '-Wno-error=unused-but-set-variable' '-Wno-error=unused-variable' '-Wno-error=deprecated-declarations' '-Wextra' '-Werror=frame-larger-than=32768' '-Wno-unused-parameter' '-Wno-sign-compare' '-Wno-error=missing-braces' '-Wno-error=return-type' '-Wno-error=pointer-sign' '-Wno-missing-braces' '-Wno-strict-aliasing' '-Wimplicit-fallthrough=0' '-Wno-missing-field-initializers' '-Wno-int-to-pointer-cast' '-Wno-error=comment' '-Wno-error=logical-not-parentheses' '-Wno-error=duplicate-decl-specifier' '-Wno-error=parentheses' '-v' '-o' 'cmTC_b65ac'
 /opt/kendryte-toolchain/libexec/gcc/riscv64-unknown-elf/8.2.0/collect2 --sysroot=/opt/kendryte-toolchain/riscv64-unknown-elf -melf64lriscv -o cmTC_b65ac /opt/kendryte-toolchain/lib/gcc/riscv64-unknown-elf/8.2.0/../../../../riscv64-unknown-elf/lib/crt0.o /opt/kendryte-toolchain/lib/gcc/riscv64-unknown-elf/8.2.0/crtbegin.o -L/opt/kendryte-toolchain/lib/gcc/riscv64-unknown-elf/8.2.0 -L/opt/kendryte-toolchain/lib/gcc/riscv64-unknown-elf/8.2.0/../../../../riscv64-unknown-elf/lib -L/opt/kendryte-toolchain/riscv64-unknown-elf/lib CMakeFiles/cmTC_b65ac.dir/CMakeCXXCompilerABI.cpp.obj -lstdc++ -lm -lgcc --start-group -lc -lgloss --end-group -lgcc /opt/kendryte-toolchain/lib/gcc/riscv64-unknown-elf/8.2.0/crtend.o
/opt/kendryte-toolchain/lib/gcc/riscv64-unknown-elf/8.2.0/../../../../riscv64-unknown-elf/bin/ld: warning: cannot find entry symbol _start; defaulting to 00000000000100b0
COLLECT_GCC_OPTIONS='-mcmodel=medany' '-mabi=lp64f' '-march=rv64imafc' '-fno-common' '-ffunction-sections' '-fdata-sections' '-fstrict-volatile-bitfields' '-fno-zero-initialized-in-bss' '-ffast-math' '-fno-math-errno' '-fsingle-precision-constant' '-Os' '-ggdb' '-std=gnu++17' '-Wall' '-Werror=all' '-Wno-error=unused-function' '-Wno-error=unused-but-set-variable' '-Wno-error=unused-variable' '-Wno-error=deprecated-declarations' '-Wextra' '-Werror=frame-larger-than=32768' '-Wno-unused-parameter' '-Wno-sign-compare' '-Wno-error=missing-braces' '-Wno-error=return-type' '-Wno-error=pointer-sign' '-Wno-missing-braces' '-Wno-strict-aliasing' '-Wimplicit-fallthrough=0' '-Wno-missing-field-initializers' '-Wno-int-to-pointer-cast' '-Wno-error=comment' '-Wno-error=logical-not-parentheses' '-Wno-error=duplicate-decl-specifier' '-Wno-error=parentheses' '-v' '-o' 'cmTC_b65ac'
make[1]: Leaving directory '/home/asdf/Projects/Quadmini/quadmini-standalone-mc/buildhw/CMakeFiles/CMakeTmp'



Parsed CXX implicit include dir info from above output: rv=done
  found start of include info
  found start of implicit include info
    add: [/opt/kendryte-toolchain/lib/gcc/riscv64-unknown-elf/8.2.0/../../../../riscv64-unknown-elf/include/c++/8.2.0]
    add: [/opt/kendryte-toolchain/lib/gcc/riscv64-unknown-elf/8.2.0/../../../../riscv64-unknown-elf/include/c++/8.2.0/riscv64-unknown-elf]
    add: [/opt/kendryte-toolchain/lib/gcc/riscv64-unknown-elf/8.2.0/../../../../riscv64-unknown-elf/include/c++/8.2.0/backward]
    add: [/opt/kendryte-toolchain/lib/gcc/riscv64-unknown-elf/8.2.0/include]
    add: [/opt/kendryte-toolchain/lib/gcc/riscv64-unknown-elf/8.2.0/include-fixed]
    add: [/opt/kendryte-toolchain/lib/gcc/riscv64-unknown-elf/8.2.0/../../../../riscv64-unknown-elf/include]
  end of search list found
  collapse include dir [/opt/kendryte-toolchain/lib/gcc/riscv64-unknown-elf/8.2.0/../../../../riscv64-unknown-elf/include/c++/8.2.0] ==> [/opt/kendryte-toolchain/riscv64-unknown-elf/include/c++/8.2.0]
  collapse include dir [/opt/kendryte-toolchain/lib/gcc/riscv64-unknown-elf/8.2.0/../../../../riscv64-unknown-elf/include/c++/8.2.0/riscv64-unknown-elf] ==> [/opt/kendryte-toolchain/riscv64-unknown-elf/include/c++/8.2.0/riscv64-unknown-elf]
  collapse include dir [/opt/kendryte-toolchain/lib/gcc/riscv64-unknown-elf/8.2.0/../../../../riscv64-unknown-elf/include/c++/8.2.0/backward] ==> [/opt/kendryte-toolchain/riscv64-unknown-elf/include/c++/8.2.0/backward]
  collapse include dir [/opt/kendryte-toolchain/lib/gcc/riscv64-unknown-elf/8.2.0/include] ==> [/opt/kendryte-toolchain/lib/gcc/riscv64-unknown-elf/8.2.0/include]
  collapse include dir [/opt/kendryte-toolchain/lib/gcc/riscv64-unknown-elf/8.2.0/include-fixed] ==> [/opt/kendryte-toolchain/lib/gcc/riscv64-unknown-elf/8.2.0/include-fixed]
  collapse include dir [/opt/kendryte-toolchain/lib/gcc/riscv64-unknown-elf/8.2.0/../../../../riscv64-unknown-elf/include] ==> [/opt/kendryte-toolchain/riscv64-unknown-elf/include]
  implicit include dirs: [/opt/kendryte-toolchain/riscv64-unknown-elf/include/c++/8.2.0;/opt/kendryte-toolchain/riscv64-unknown-elf/include/c++/8.2.0/riscv64-unknown-elf;/opt/kendryte-toolchain/riscv64-unknown-elf/include/c++/8.2.0/backward;/opt/kendryte-toolchain/lib/gcc/riscv64-unknown-elf/8.2.0/include;/opt/kendryte-toolchain/lib/gcc/riscv64-unknown-elf/8.2.0/include-fixed;/opt/kendryte-toolchain/riscv64-unknown-elf/include]


Parsed CXX implicit link information from above output:
  link line regex: [^( *|.*[/\])(riscv64-unknown-elf-ld|CMAKE_LINK_STARTFILE-NOTFOUND|([^/\]+-)?ld|collect2)[^/\]*( |$)]
  ignore line: [Change Dir: /home/asdf/Projects/Quadmini/quadmini-standalone-mc/buildhw/CMakeFiles/CMakeTmp]
  ignore line: []
  ignore line: [Run Build Command(s):/usr/bin/make cmTC_b65ac/fast && /usr/bin/make -f CMakeFiles/cmTC_b65ac.dir/build.make CMakeFiles/cmTC_b65ac.dir/build]
  ignore line: [make[1]: Entering directory '/home/asdf/Projects/Quadmini/quadmini-standalone-mc/buildhw/CMakeFiles/CMakeTmp']
  ignore line: [Building CXX object CMakeFiles/cmTC_b65ac.dir/CMakeCXXCompilerABI.cpp.obj]
  ignore line: [/opt/kendryte-toolchain/bin/riscv64-unknown-elf-g++    -mcmodel=medany -mabi=lp64f -march=rv64imafc -fno-common -ffunction-sections -fdata-sections -fstrict-volatile-bitfields -fno-zero-initialized-in-bss -ffast-math -fno-math-errno -fsingle-precision-constant -Os -ggdb -std=gnu++17 -Wall -Werror=all -Wno-error=unused-function -Wno-error=unused-but-set-variable -Wno-error=unused-variable -Wno-error=deprecated-declarations -Wextra -Werror=frame-larger-than=32768 -Wno-unused-parameter -Wno-sign-compare -Wno-error=missing-braces -Wno-error=return-type -Wno-error=pointer-sign -Wno-missing-braces -Wno-strict-aliasing -Wno-implicit-fallthrough -Wno-missing-field-initializers -Wno-int-to-pointer-cast -Wno-error=comment -Wno-error=logical-not-parentheses -Wno-error=duplicate-decl-specifier -Wno-error=parentheses    -v -o CMakeFiles/cmTC_b65ac.dir/CMakeCXXCompilerABI.cpp.obj -c /usr/share/cmake-3.16/Modules/CMakeCXXCompilerABI.cpp]
  ignore line: [Using built-in specs.]
  ignore line: [COLLECT_GCC=/opt/kendryte-toolchain/bin/riscv64-unknown-elf-g++]
  ignore line: [Target: riscv64-unknown-elf]
  ignore line: [Configured with: /kendryte/riscv-gcc/configure --target=riscv64-unknown-elf --prefix=/opt/kendryte-toolchain --disable-shared --enable-threads=posix --enable-languages=c c++ --enable-libatomic --without-system-zlib --enable-tls --with-newlib --with-sysroot=/opt/kendryte-toolchain/riscv64-unknown-elf --with-native-system-header-dir=/include --disable-libmudflap --disable-libssp --disable-libquadmath --disable-libgomp --disable-nls --src=.././riscv-gcc --enable-checking=yes --disable-multilib --with-abi=lp64f --with-arch=rv64imafc 'CFLAGS_FOR_TARGET=-Os -ffunction-sections -fdata-sections  -mcmodel=medany' 'CXXFLAGS_FOR_TARGET=-Os -ffunction-sections -fdata-sections -mcmodel=medany']
  ignore line: [Thread model: posix]
  ignore line: [gcc version 8.2.0 (GCC) ]
  ignore line: [COLLECT_GCC_OPTIONS='-mcmodel=medany' '-mabi=lp64f' '-march=rv64imafc' '-fno-common' '-ffunction-sections' '-fdata-sections' '-fstrict-volatile-bitfields' '-fno-zero-initialized-in-bss' '-ffast-math' '-fno-math-errno' '-fsingle-precision-constant' '-Os' '-ggdb' '-std=gnu++17' '-Wall' '-Werror=all' '-Wno-error=unused-function' '-Wno-error=unused-but-set-variable' '-Wno-error=unused-variable' '-Wno-error=deprecated-declarations' '-Wextra' '-Werror=frame-larger-than=32768' '-Wno-unused-parameter' '-Wno-sign-compare' '-Wno-error=missing-braces' '-Wno-error=return-type' '-Wno-error=pointer-sign' '-Wno-missing-braces' '-Wno-strict-aliasing' '-Wimplicit-fallthrough=0' '-Wno-missing-field-initializers' '-Wno-int-to-pointer-cast' '-Wno-error=comment' '-Wno-error=logical-not-parentheses' '-Wno-error=duplicate-decl-specifier' '-Wno-error=parentheses' '-v' '-o' 'CMakeFiles/cmTC_b65ac.dir/CMakeCXXCompilerABI.cpp.obj' '-c']
  ignore line: [ /opt/kendryte-toolchain/libexec/gcc/riscv64-unknown-elf/8.2.0/cc1plus -quiet -v /usr/share/cmake-3.16/Modules/CMakeCXXCompilerABI.cpp -quiet -dumpbase CMakeCXXCompilerABI.cpp -mcmodel=medany -mabi=lp64f -march=rv64imafc -auxbase-strip CMakeFiles/cmTC_b65ac.dir/CMakeCXXCompilerABI.cpp.obj -ggdb -Os -Wall -Werror=all -Wno-error=unused-function -Wno-error=unused-but-set-variable -Wno-error=unused-variable -Wno-error=deprecated-declarations -Wextra -Werror=frame-larger-than=32768 -Wno-unused-parameter -Wno-sign-compare -Wno-error=missing-braces -Wno-error=return-type -Wno-error=pointer-sign -Wno-missing-braces -Wno-strict-aliasing -Wimplicit-fallthrough=0 -Wno-missing-field-initializers -Wno-int-to-pointer-cast -Wno-error=comment -Wno-error=logical-not-parentheses -Wno-error=duplicate-decl-specifier -Wno-error=parentheses -std=gnu++17 -version -fno-common -ffunction-sections -fdata-sections -fstrict-volatile-bitfields -fno-zero-initialized-in-bss -ffast-math -fno-math-errno -fsingle-precision-constant -o /tmp/cc3p4Iud.s]
  ignore line: [GNU C++17 (GCC) version 8.2.0 (riscv64-unknown-elf)]
  ignore line: [	compiled by GNU C version 7.3.0  GMP version 6.1.0  MPFR version 3.1.4  MPC version 1.0.3  isl version isl-0.18-GMP]
  ignore line: []
  ignore line: [GGC heuristics: --param ggc-min-expand=30 --param ggc-min-heapsize=4096]
  ignore line: [ignoring nonexistent directory "/opt/kendryte-toolchain/riscv64-unknown-elf/usr/local/include"]
  ignore line: [ignoring duplicate directory "/opt/kendryte-toolchain/riscv64-unknown-elf/include"]
  ignore line: [#include "..." search starts here:]
  ignore line: [#include <...> search starts here:]
  ignore line: [ /opt/kendryte-toolchain/lib/gcc/riscv64-unknown-elf/8.2.0/../../../../riscv64-unknown-elf/include/c++/8.2.0]
  ignore line: [ /opt/kendryte-toolchain/lib/gcc/riscv64-unknown-elf/8.2.0/../../../../riscv64-unknown-elf/include/c++/8.2.0/riscv64-unknown-elf]
  ignore line: [ /opt/kendryte-toolchain/lib/gcc/riscv64-unknown-elf/8.2.0/../../../../riscv64-unknown-elf/include/c++/8.2.0/backward]
  ignore line: [ /opt/kendryte-toolchain/lib/gcc/riscv64-unknown-elf/8.2.0/include]
  ignore line: [ /opt/kendryte-toolchain/lib/gcc/riscv64-unknown-elf/8.2.0/include-fixed]
  ignore line: [ /opt/kendryte-toolchain/lib/gcc/riscv64-unknown-elf/8.2.0/../../../../riscv64-unknown-elf/include]
  ignore line: [End of search list.]
  ignore line: [GNU C++17 (GCC) version 8.2.0 (riscv64-unknown-elf)]
  ignore line: [	compiled by GNU C version 7.3.0  GMP version 6.1.0  MPFR version 3.1.4  MPC version 1.0.3  isl version isl-0.18-GMP]
  ignore line: []
  ignore line: [GGC heuristics: --param ggc-min-expand=30 --param ggc-min-heapsize=4096]
  ignore line: [Compiler executable checksum: f84142b3120fc1ef6273f134d1c2b263]
  ignore line: [COLLECT_GCC_OPTIONS='-mcmodel=medany' '-mabi=lp64f' '-march=rv64imafc' '-fno-common' '-ffunction-sections' '-fdata-sections' '-fstrict-volatile-bitfields' '-fno-zero-initialized-in-bss' '-ffast-math' '-fno-math-errno' '-fsingle-precision-constant' '-Os' '-ggdb' '-std=gnu++17' '-Wall' '-Werror=all' '-Wno-error=unused-function' '-Wno-error=unused-but-set-variable' '-Wno-error=unused-variable' '-Wno-error=deprecated-declarations' '-Wextra' '-Werror=frame-larger-than=32768' '-Wno-unused-parameter' '-Wno-sign-compare' '-Wno-error=missing-braces' '-Wno-error=return-type' '-Wno-error=pointer-sign' '-Wno-missing-braces' '-Wno-strict-aliasing' '-Wimplicit-fallthrough=0' '-Wno-missing-field-initializers' '-Wno-int-to-pointer-cast' '-Wno-error=comment' '-Wno-error=logical-not-parentheses' '-Wno-error=duplicate-decl-specifier' '-Wno-error=parentheses' '-v' '-o' 'CMakeFiles/cmTC_b65ac.dir/CMakeCXXCompilerABI.cpp.obj' '-c']
  ignore line: [ /opt/kendryte-toolchain/lib/gcc/riscv64-unknown-elf/8.2.0/../../../../riscv64-unknown-elf/bin/as -v --traditional-format -march=rv64imafc -mabi=lp64f -o CMakeFiles/cmTC_b65ac.dir/CMakeCXXCompilerABI.cpp.obj /tmp/cc3p4Iud.s]
  ignore line: [GNU assembler version 2.31.51 (riscv64-unknown-elf) using BFD version (GNU Binutils) 2.31.51]
  ignore line: [COMPILER_PATH=/opt/kendryte-toolchain/libexec/gcc/riscv64-unknown-elf/8.2.0/:/opt/kendryte-toolchain/libexec/gcc/riscv64-unknown-elf/8.2.0/:/opt/kendryte-toolchain/libexec/gcc/riscv64-unknown-elf/:/opt/kendryte-toolchain/lib/gcc/riscv64-unknown-elf/8.2.0/:/opt/kendryte-toolchain/lib/gcc/riscv64-unknown-elf/:/opt/kendryte-toolchain/lib/gcc/riscv64-unknown-elf/8.2.0/../../../../riscv64-unknown-elf/bin/]
  ignore line: [LIBRARY_PATH=/opt/kendryte-toolchain/lib/gcc/riscv64-unknown-elf/8.2.0/:/opt/kendryte-toolchain/lib/gcc/riscv64-unknown-elf/8.2.0/../../../../riscv64-unknown-elf/lib/:/opt/kendryte-toolchain/riscv64-unknown-elf/lib/]
  ignore line: [COLLECT_GCC_OPTIONS='-mcmodel=medany' '-mabi=lp64f' '-march=rv64imafc' '-fno-common' '-ffunction-sections' '-fdata-sections' '-fstrict-volatile-bitfields' '-fno-zero-initialized-in-bss' '-ffast-math' '-fno-math-errno' '-fsingle-precision-constant' '-Os' '-ggdb' '-std=gnu++17' '-Wall' '-Werror=all' '-Wno-error=unused-function' '-Wno-error=unused-but-set-variable' '-Wno-error=unused-variable' '-Wno-error=deprecated-declarations' '-Wextra' '-Werror=frame-larger-than=32768' '-Wno-unused-parameter' '-Wno-sign-compare' '-Wno-error=missing-braces' '-Wno-error=return-type' '-Wno-error=pointer-sign' '-Wno-missing-braces' '-Wno-strict-aliasing' '-Wimplicit-fallthrough=0' '-Wno-missing-field-initializers' '-Wno-int-to-pointer-cast' '-Wno-error=comment' '-Wno-error=logical-not-parentheses' '-Wno-error=duplicate-decl-specifier' '-Wno-error=parentheses' '-v' '-o' 'CMakeFiles/cmTC_b65ac.dir/CMakeCXXCompilerABI.cpp.obj' '-c']
  ignore line: [Linking CXX executable cmTC_b65ac]
  ignore line: [/usr/bin/cmake -E cmake_link_script CMakeFiles/cmTC_b65ac.dir/link.txt --verbose=1]
  ignore line: [/opt/kendryte-toolchain/bin/riscv64-unknown-elf-g++   -mcmodel=medany -mabi=lp64f -march=rv64imafc -fno-common -ffunction-sections -fdata-sections -fstrict-volatile-bitfields -fno-zero-initialized-in-bss -ffast-math -fno-math-errno -fsingle-precision-constant -Os -ggdb -std=gnu++17 -Wall -Werror=all -Wno-error=unused-function -Wno-error=unused-but-set-variable -Wno-error=unused-variable -Wno-error=deprecated-declarations -Wextra -Werror=frame-larger-than=32768 -Wno-unused-parameter -Wno-sign-compare -Wno-error=missing-braces -Wno-error=return-type -Wno-error=pointer-sign -Wno-missing-braces -Wno-strict-aliasing -Wno-implicit-fallthrough -Wno-missing-field-initializers -Wno-int-to-pointer-cast -Wno-error=comment -Wno-error=logical-not-parentheses -Wno-error=duplicate-decl-specifier -Wno-error=parentheses    -v CMakeFiles/cmTC_b65ac.dir/CMakeCXXCompilerABI.cpp.obj  -o cmTC_b65ac ]
  ignore line: [Using built-in specs.]
  ignore line: [COLLECT_GCC=/opt/kendryte-toolchain/bin/riscv64-unknown-elf-g++]
  ignore line: [COLLECT_LTO_WRAPPER=/opt/kendryte-toolchain/libexec/gcc/riscv64-unknown-elf/8.2.0/lto-wrapper]
  ignore line: [Target: riscv64-unknown-elf]
  ignore line: [Configured with: /kendryte/riscv-gcc/configure --target=riscv64-unknown-elf --prefix=/opt/kendryte-toolchain --disable-shared --enable-threads=posix --enable-languages=c c++ --enable-libatomic --without-system-zlib --enable-tls --with-newlib --with-sysroot=/opt/kendryte-toolchain/riscv64-unknown-elf --with-native-system-header-dir=/include --disable-libmudflap --disable-libssp --disable-libquadmath --disable-libgomp --disable-nls --src=.././riscv-gcc --enable-checking=yes --disable-multilib --with-abi=lp64f --with-arch=rv64imafc 'CFLAGS_FOR_TARGET=-Os -ffunction-sections -fdata-sections  -mcmodel=medany' 'CXXFLAGS_FOR_TARGET=-Os -ffunction-sections -fdata-sections -mcmodel=medany']
  ignore line: [Thread model: posix]
  ignore line: [gcc version 8.2.0 (GCC) ]
  ignore line: [COMPILER_PATH=/opt/kendryte-toolchain/libexec/gcc/riscv64-unknown-elf/8.2.0/:/opt/kendryte-toolchain/libexec/gcc/riscv64-unknown-elf/8.2.0/:/opt/kendryte-toolchain/libexec/gcc/riscv64-unknown-elf/:/opt/kendryte-toolchain/lib/gcc/riscv64-unknown-elf/8.2.0/:/opt/kendryte-toolchain/lib/gcc/riscv64-unknown-elf/:/opt/kendryte-toolchain/lib/gcc/riscv64-unknown-elf/8.2.0/../../../../riscv64-unknown-elf/bin/]
  ignore line: [LIBRARY_PATH=/opt/kendryte-toolchain/lib/gcc/riscv64-unknown-elf/8.2.0/:/opt/kendryte-toolchain/lib/gcc/riscv64-unknown-elf/8.2.0/../../../../riscv64-unknown-elf/lib/:/opt/kendryte-toolchain/riscv64-unknown-elf/lib/]
  ignore line: [COLLECT_GCC_OPTIONS='-mcmodel=medany' '-mabi=lp64f' '-march=rv64imafc' '-fno-common' '-ffunction-sections' '-fdata-sections' '-fstrict-volatile-bitfields' '-fno-zero-initialized-in-bss' '-ffast-math' '-fno-math-errno' '-fsingle-precision-constant' '-Os' '-ggdb' '-std=gnu++17' '-Wall' '-Werror=all' '-Wno-error=unused-function' '-Wno-error=unused-but-set-variable' '-Wno-error=unused-variable' '-Wno-error=deprecated-declarations' '-Wextra' '-Werror=frame-larger-than=32768' '-Wno-unused-parameter' '-Wno-sign-compare' '-Wno-error=missing-braces' '-Wno-error=return-type' '-Wno-error=pointer-sign' '-Wno-missing-braces' '-Wno-strict-aliasing' '-Wimplicit-fallthrough=0' '-Wno-missing-field-initializers' '-Wno-int-to-pointer-cast' '-Wno-error=comment' '-Wno-error=logical-not-parentheses' '-Wno-error=duplicate-decl-specifier' '-Wno-error=parentheses' '-v' '-o' 'cmTC_b65ac']
  link line: [ /opt/kendryte-toolchain/libexec/gcc/riscv64-unknown-elf/8.2.0/collect2 --sysroot=/opt/kendryte-toolchain/riscv64-unknown-elf -melf64lriscv -o cmTC_b65ac /opt/kendryte-toolchain/lib/gcc/riscv64-unknown-elf/8.2.0/../../../../riscv64-unknown-elf/lib/crt0.o /opt/kendryte-toolchain/lib/gcc/riscv64-unknown-elf/8.2.0/crtbegin.o -L/opt/kendryte-toolchain/lib/gcc/riscv64-unknown-elf/8.2.0 -L/opt/kendryte-toolchain/lib/gcc/riscv64-unknown-elf/8.2.0/../../../../riscv64-unknown-elf/lib -L/opt/kendryte-toolchain/riscv64-unknown-elf/lib CMakeFiles/cmTC_b65ac.dir/CMakeCXXCompilerABI.cpp.obj -lstdc++ -lm -lgcc --start-group -lc -lgloss --end-group -lgcc /opt/kendryte-toolchain/lib/gcc/riscv64-unknown-elf/8.2.0/crtend.o]
    arg [/opt/kendryte-toolchain/libexec/gcc/riscv64-unknown-elf/8.2.0/collect2] ==> ignore
    arg [--sysroot=/opt/kendryte-toolchain/riscv64-unknown-elf] ==> ignore
    arg [-melf64lriscv] ==> ignore
    arg [-o] ==> ignore
    arg [cmTC_b65ac] ==> ignore
    arg [/opt/kendryte-toolchain/lib/gcc/riscv64-unknown-elf/8.2.0/../../../../riscv64-unknown-elf/lib/crt0.o] ==> ignore
    arg [/opt/kendryte-toolchain/lib/gcc/riscv64-unknown-elf/8.2.0/crtbegin.o] ==> ignore
    arg [-L/opt/kendryte-toolchain/lib/gcc/riscv64-unknown-elf/8.2.0] ==> dir [/opt/kendryte-toolchain/lib/gcc/riscv64-unknown-elf/8.2.0]
    arg [-L/opt/kendryte-toolchain/lib/gcc/riscv64-unknown-elf/8.2.0/../../../../riscv64-unknown-elf/lib] ==> dir [/opt/kendryte-toolchain/lib/gcc/riscv64-unknown-elf/8.2.0/../../../../riscv64-unknown-elf/lib]
    arg [-L/opt/kendryte-toolchain/riscv64-unknown-elf/lib] ==> dir [/opt/kendryte-toolchain/riscv64-unknown-elf/lib]
    arg [CMakeFiles/cmTC_b65ac.dir/CMakeCXXCompilerABI.cpp.obj] ==> ignore
    arg [-lstdc++] ==> lib [stdc++]
    arg [-lm] ==> lib [m]
    arg [-lgcc] ==> lib [gcc]
    arg [--start-group] ==> ignore
    arg [-lc] ==> lib [c]
    arg [-lgloss] ==> lib [gloss]
    arg [--end-group] ==> ignore
    arg [-lgcc] ==> lib [gcc]
    arg [/opt/kendryte-toolchain/lib/gcc/riscv64-unknown-elf/8.2.0/crtend.o] ==> ignore
  collapse library dir [/opt/kendryte-toolchain/lib/gcc/riscv64-unknown-elf/8.2.0] ==> [/opt/kendryte-toolchain/lib/gcc/riscv64-unknown-elf/8.2.0]
  collapse library dir [/opt/kendryte-toolchain/lib/gcc/riscv64-unknown-elf/8.2.0/../../../../riscv64-unknown-elf/lib] ==> [/opt/kendryte-toolchain/riscv64-unknown-elf/lib]
  collapse library dir [/opt/kendryte-toolchain/riscv64-unknown-elf/lib] ==> [/opt/kendryte-toolchain/riscv64-unknown-elf/lib]
  implicit libs: [stdc++;m;gcc;c;gloss;gcc]
  implicit dirs: [/opt/kendryte-toolchain/lib/gcc/riscv64-unknown-elf/8.2.0;/opt/kendryte-toolchain/riscv64-unknown-elf/lib]
  implicit fwks: []


